[debug] [2022-07-09T19:49:32.936Z] ----------------------------------------------------------------------
[debug] [2022-07-09T19:49:32.937Z] Command:       /Users/matthewrodgers/.nvm/versions/node/v18.1.0/bin/node /usr/local/bin/firebase deploy --only hosting,functions:nextServer
[debug] [2022-07-09T19:49:32.937Z] CLI Version:   10.4.0
[debug] [2022-07-09T19:49:32.937Z] Platform:      darwin
[debug] [2022-07-09T19:49:32.938Z] Node Version:  v18.1.0
[debug] [2022-07-09T19:49:32.938Z] Time:          Sat Jul 09 2022 15:49:32 GMT-0400 (Eastern Daylight Time)
[debug] [2022-07-09T19:49:32.939Z] ----------------------------------------------------------------------
[debug] 
[debug] [2022-07-09T19:49:32.984Z] Object ".functions" in "firebase.json" has unknown property: {"additionalProperty":"memory"}
[debug] [2022-07-09T19:49:32.988Z] > command requires scopes: ["email","openid","https://www.googleapis.com/auth/cloudplatformprojects.readonly","https://www.googleapis.com/auth/firebase","https://www.googleapis.com/auth/cloud-platform"]
[debug] [2022-07-09T19:49:32.988Z] > authorizing via signed-in user (matthew@eudaimoniatech.com)
[debug] [2022-07-09T19:49:32.988Z] [iam] checking project climatedao-8fdb5 for permissions ["cloudfunctions.functions.create","cloudfunctions.functions.delete","cloudfunctions.functions.get","cloudfunctions.functions.list","cloudfunctions.functions.update","cloudfunctions.operations.get","firebase.projects.get","firebasehosting.sites.update"]
[debug] [2022-07-09T19:49:32.990Z] >>> [apiv2][query] POST https://cloudresourcemanager.googleapis.com/v1/projects/climatedao-8fdb5:testIamPermissions [none]
[debug] [2022-07-09T19:49:32.990Z] >>> [apiv2][body] POST https://cloudresourcemanager.googleapis.com/v1/projects/climatedao-8fdb5:testIamPermissions {"permissions":["cloudfunctions.functions.create","cloudfunctions.functions.delete","cloudfunctions.functions.get","cloudfunctions.functions.list","cloudfunctions.functions.update","cloudfunctions.operations.get","firebase.projects.get","firebasehosting.sites.update"]}
[debug] [2022-07-09T19:49:33.342Z] <<< [apiv2][status] POST https://cloudresourcemanager.googleapis.com/v1/projects/climatedao-8fdb5:testIamPermissions 200
[debug] [2022-07-09T19:49:33.343Z] <<< [apiv2][body] POST https://cloudresourcemanager.googleapis.com/v1/projects/climatedao-8fdb5:testIamPermissions {"permissions":["cloudfunctions.functions.create","cloudfunctions.functions.delete","cloudfunctions.functions.get","cloudfunctions.functions.list","cloudfunctions.functions.update","cloudfunctions.operations.get","firebase.projects.get","firebasehosting.sites.update"]}
[debug] [2022-07-09T19:49:33.343Z] >>> [apiv2][query] POST https://iam.googleapis.com/v1/projects/climatedao-8fdb5/serviceAccounts/climatedao-8fdb5@appspot.gserviceaccount.com:testIamPermissions [none]
[debug] [2022-07-09T19:49:33.343Z] >>> [apiv2][body] POST https://iam.googleapis.com/v1/projects/climatedao-8fdb5/serviceAccounts/climatedao-8fdb5@appspot.gserviceaccount.com:testIamPermissions {"permissions":["iam.serviceAccounts.actAs"]}
[debug] [2022-07-09T19:49:33.679Z] <<< [apiv2][status] POST https://iam.googleapis.com/v1/projects/climatedao-8fdb5/serviceAccounts/climatedao-8fdb5@appspot.gserviceaccount.com:testIamPermissions 200
[debug] [2022-07-09T19:49:33.679Z] <<< [apiv2][body] POST https://iam.googleapis.com/v1/projects/climatedao-8fdb5/serviceAccounts/climatedao-8fdb5@appspot.gserviceaccount.com:testIamPermissions {"permissions":["iam.serviceAccounts.actAs"]}
[debug] [2022-07-09T19:49:33.680Z] >>> [apiv2][query] GET https://firebase.googleapis.com/v1beta1/projects/climatedao-8fdb5 [none]
[debug] [2022-07-09T19:49:33.959Z] <<< [apiv2][status] GET https://firebase.googleapis.com/v1beta1/projects/climatedao-8fdb5 200
[debug] [2022-07-09T19:49:33.959Z] <<< [apiv2][body] GET https://firebase.googleapis.com/v1beta1/projects/climatedao-8fdb5 {"projectId":"climatedao-8fdb5","projectNumber":"478624164454","displayName":"ClimateDAO","name":"projects/climatedao-8fdb5","resources":{"hostingSite":"climatedao-8fdb5","realtimeDatabaseInstance":"climatedao-8fdb5-default-rtdb","storageBucket":"climatedao-8fdb5.appspot.com","locationId":"us-central"},"state":"ACTIVE"}
[info] 
[info] === Deploying to 'climatedao-8fdb5'...
[info] 
[info] i  deploying functions, hosting 
[debug] [2022-07-09T19:49:33.962Z] >>> [apiv2][query] GET https://firebase.googleapis.com/v1beta1/projects/climatedao-8fdb5 [none]
[debug] [2022-07-09T19:49:34.238Z] <<< [apiv2][status] GET https://firebase.googleapis.com/v1beta1/projects/climatedao-8fdb5 200
[debug] [2022-07-09T19:49:34.238Z] <<< [apiv2][body] GET https://firebase.googleapis.com/v1beta1/projects/climatedao-8fdb5 {"projectId":"climatedao-8fdb5","projectNumber":"478624164454","displayName":"ClimateDAO","name":"projects/climatedao-8fdb5","resources":{"hostingSite":"climatedao-8fdb5","realtimeDatabaseInstance":"climatedao-8fdb5-default-rtdb","storageBucket":"climatedao-8fdb5.appspot.com","locationId":"us-central"},"state":"ACTIVE"}
